{"C:\\Users\\yua19\\Desktop\\NodeProject\\myblog\\index.js":{"path":"C:\\Users\\yua19\\Desktop\\NodeProject\\myblog\\index.js","s":{"1":1,"2":1,"3":1,"4":1,"5":1,"6":1,"7":1,"8":1,"9":1,"10":1,"11":1,"12":1,"13":1,"14":1,"15":1,"16":1,"17":1,"18":1,"19":1,"20":1,"21":1,"22":1,"23":1,"24":1,"25":8,"26":8,"27":8,"28":8,"29":1,"30":1,"31":1,"32":1,"33":7,"34":1,"35":1,"36":0,"37":0},"b":{"1":[1,0]},"f":{"1":8,"2":7,"3":0},"fnMap":{"1":{"name":"(anonymous_1)","line":54,"loc":{"start":{"line":54,"column":8},"end":{"line":54,"column":30}}},"2":{"name":"(anonymous_2)","line":88,"loc":{"start":{"line":88,"column":8},"end":{"line":88,"column":34}}},"3":{"name":"(anonymous_3)","line":100,"loc":{"start":{"line":100,"column":24},"end":{"line":100,"column":41}}}},"statementMap":{"1":{"start":{"line":1,"column":0},"end":{"line":1,"column":25}},"2":{"start":{"line":2,"column":0},"end":{"line":2,"column":31}},"3":{"start":{"line":3,"column":0},"end":{"line":3,"column":39}},"4":{"start":{"line":4,"column":0},"end":{"line":4,"column":49}},"5":{"start":{"line":5,"column":0},"end":{"line":5,"column":35}},"6":{"start":{"line":6,"column":0},"end":{"line":6,"column":45}},"7":{"start":{"line":7,"column":0},"end":{"line":7,"column":31}},"8":{"start":{"line":8,"column":0},"end":{"line":8,"column":29}},"9":{"start":{"line":9,"column":0},"end":{"line":9,"column":31}},"10":{"start":{"line":10,"column":0},"end":{"line":10,"column":46}},"11":{"start":{"line":11,"column":0},"end":{"line":11,"column":42}},"12":{"start":{"line":12,"column":0},"end":{"line":12,"column":18}},"13":{"start":{"line":14,"column":0},"end":{"line":14,"column":29}},"14":{"start":{"line":15,"column":0},"end":{"line":15,"column":43}},"15":{"start":{"line":16,"column":0},"end":{"line":16,"column":33}},"16":{"start":{"line":18,"column":0},"end":{"line":18,"column":46}},"17":{"start":{"line":20,"column":0},"end":{"line":20,"column":29}},"18":{"start":{"line":24,"column":0},"end":{"line":24,"column":45}},"19":{"start":{"line":25,"column":0},"end":{"line":25,"column":55}},"20":{"start":{"line":27,"column":0},"end":{"line":38,"column":4}},"21":{"start":{"line":41,"column":0},"end":{"line":41,"column":17}},"22":{"start":{"line":42,"column":0},"end":{"line":45,"column":4}},"23":{"start":{"line":48,"column":0},"end":{"line":51,"column":2}},"24":{"start":{"line":54,"column":0},"end":{"line":59,"column":3}},"25":{"start":{"line":55,"column":1},"end":{"line":55,"column":34}},"26":{"start":{"line":56,"column":1},"end":{"line":56,"column":52}},"27":{"start":{"line":57,"column":1},"end":{"line":57,"column":48}},"28":{"start":{"line":58,"column":1},"end":{"line":58,"column":8}},"29":{"start":{"line":62,"column":0},"end":{"line":72,"column":4}},"30":{"start":{"line":74,"column":0},"end":{"line":74,"column":12}},"31":{"start":{"line":76,"column":0},"end":{"line":86,"column":4}},"32":{"start":{"line":88,"column":0},"end":{"line":92,"column":3}},"33":{"start":{"line":89,"column":1},"end":{"line":91,"column":4}},"34":{"start":{"line":96,"column":0},"end":{"line":103,"column":1}},"35":{"start":{"line":97,"column":1},"end":{"line":97,"column":20}},"36":{"start":{"line":100,"column":1},"end":{"line":102,"column":4}},"37":{"start":{"line":101,"column":2},"end":{"line":101,"column":62}}},"branchMap":{"1":{"line":96,"type":"if","locations":[{"start":{"line":96,"column":0},"end":{"line":96,"column":0}},{"start":{"line":96,"column":0},"end":{"line":96,"column":0}}]}}},"C:\\Users\\yua19\\Desktop\\NodeProject\\myblog\\config\\default.js":{"path":"C:\\Users\\yua19\\Desktop\\NodeProject\\myblog\\config\\default.js","s":{"1":1},"b":{},"f":{},"fnMap":{},"statementMap":{"1":{"start":{"line":1,"column":0},"end":{"line":11,"column":2}}},"branchMap":{}},"C:\\Users\\yua19\\Desktop\\NodeProject\\myblog\\routes\\index.js":{"path":"C:\\Users\\yua19\\Desktop\\NodeProject\\myblog\\routes\\index.js","s":{"1":1,"2":1,"3":0,"4":1,"5":1,"6":1,"7":1,"8":1,"9":7,"10":7},"b":{"1":[7,0]},"f":{"1":1,"2":0,"3":7},"fnMap":{"1":{"name":"(anonymous_1)","line":1,"loc":{"start":{"line":1,"column":15},"end":{"line":1,"column":28}}},"2":{"name":"(anonymous_2)","line":2,"loc":{"start":{"line":2,"column":13},"end":{"line":2,"column":30}}},"3":{"name":"(anonymous_3)","line":9,"loc":{"start":{"line":9,"column":9},"end":{"line":9,"column":26}}}},"statementMap":{"1":{"start":{"line":1,"column":0},"end":{"line":14,"column":2}},"2":{"start":{"line":2,"column":1},"end":{"line":4,"column":4}},"3":{"start":{"line":3,"column":2},"end":{"line":3,"column":25}},"4":{"start":{"line":5,"column":1},"end":{"line":5,"column":40}},"5":{"start":{"line":6,"column":1},"end":{"line":6,"column":40}},"6":{"start":{"line":7,"column":1},"end":{"line":7,"column":42}},"7":{"start":{"line":8,"column":1},"end":{"line":8,"column":38}},"8":{"start":{"line":9,"column":1},"end":{"line":13,"column":4}},"9":{"start":{"line":10,"column":2},"end":{"line":12,"column":3}},"10":{"start":{"line":11,"column":3},"end":{"line":11,"column":33}}},"branchMap":{"1":{"line":10,"type":"if","locations":[{"start":{"line":10,"column":2},"end":{"line":10,"column":2}},{"start":{"line":10,"column":2},"end":{"line":10,"column":2}}]}}},"C:\\Users\\yua19\\Desktop\\NodeProject\\myblog\\routes\\signup.js":{"path":"C:\\Users\\yua19\\Desktop\\NodeProject\\myblog\\routes\\signup.js","s":{"1":1,"2":1,"3":1,"4":1,"5":1,"6":1,"7":1,"8":1,"9":3,"10":1,"11":4,"12":4,"13":4,"14":4,"15":4,"16":4,"17":4,"18":4,"19":1,"20":3,"21":1,"22":2,"23":0,"24":2,"25":0,"26":2,"27":0,"28":2,"29":0,"30":2,"31":2,"32":2,"33":2,"34":2,"35":2,"36":1,"37":1,"38":1,"39":1,"40":1,"41":1,"42":1,"43":1,"44":1,"45":0,"46":1},"b":{"1":[1,3],"2":[4,3],"3":[1,2],"4":[0,2],"5":[2,2],"6":[0,2],"7":[0,2],"8":[0,2],"9":[1,0]},"f":{"1":3,"2":4,"3":1,"4":1},"fnMap":{"1":{"name":"(anonymous_1)","line":11,"loc":{"start":{"line":11,"column":29},"end":{"line":11,"column":51}}},"2":{"name":"(anonymous_2)","line":16,"loc":{"start":{"line":16,"column":30},"end":{"line":16,"column":52}}},"3":{"name":"(anonymous_3)","line":63,"loc":{"start":{"line":63,"column":7},"end":{"line":63,"column":23}}},"4":{"name":"(anonymous_4)","line":74,"loc":{"start":{"line":74,"column":8},"end":{"line":74,"column":19}}}},"statementMap":{"1":{"start":{"line":1,"column":0},"end":{"line":1,"column":31}},"2":{"start":{"line":2,"column":0},"end":{"line":2,"column":28}},"3":{"start":{"line":3,"column":0},"end":{"line":3,"column":21}},"4":{"start":{"line":4,"column":0},"end":{"line":4,"column":25}},"5":{"start":{"line":5,"column":0},"end":{"line":5,"column":25}},"6":{"start":{"line":7,"column":0},"end":{"line":7,"column":41}},"7":{"start":{"line":8,"column":0},"end":{"line":8,"column":64}},"8":{"start":{"line":11,"column":0},"end":{"line":13,"column":3}},"9":{"start":{"line":12,"column":1},"end":{"line":12,"column":22}},"10":{"start":{"line":16,"column":0},"end":{"line":84,"column":3}},"11":{"start":{"line":17,"column":1},"end":{"line":17,"column":26}},"12":{"start":{"line":18,"column":1},"end":{"line":18,"column":30}},"13":{"start":{"line":19,"column":1},"end":{"line":19,"column":24}},"14":{"start":{"line":20,"column":1},"end":{"line":20,"column":56}},"15":{"start":{"line":21,"column":1},"end":{"line":21,"column":34}},"16":{"start":{"line":22,"column":1},"end":{"line":22,"column":38}},"17":{"start":{"line":24,"column":1},"end":{"line":48,"column":2}},"18":{"start":{"line":25,"column":2},"end":{"line":27,"column":3}},"19":{"start":{"line":26,"column":3},"end":{"line":26,"column":36}},"20":{"start":{"line":28,"column":2},"end":{"line":30,"column":3}},"21":{"start":{"line":29,"column":3},"end":{"line":29,"column":33}},"22":{"start":{"line":31,"column":2},"end":{"line":33,"column":3}},"23":{"start":{"line":32,"column":3},"end":{"line":32,"column":38}},"24":{"start":{"line":34,"column":2},"end":{"line":36,"column":3}},"25":{"start":{"line":35,"column":3},"end":{"line":35,"column":27}},"26":{"start":{"line":37,"column":2},"end":{"line":39,"column":3}},"27":{"start":{"line":38,"column":3},"end":{"line":38,"column":31}},"28":{"start":{"line":40,"column":2},"end":{"line":42,"column":3}},"29":{"start":{"line":41,"column":3},"end":{"line":41,"column":32}},"30":{"start":{"line":45,"column":2},"end":{"line":45,"column":35}},"31":{"start":{"line":46,"column":2},"end":{"line":46,"column":31}},"32":{"start":{"line":47,"column":2},"end":{"line":47,"column":33}},"33":{"start":{"line":51,"column":0},"end":{"line":51,"column":24}},"34":{"start":{"line":54,"column":0},"end":{"line":60,"column":2}},"35":{"start":{"line":62,"column":0},"end":{"line":83,"column":4}},"36":{"start":{"line":65,"column":2},"end":{"line":65,"column":21}},"37":{"start":{"line":67,"column":2},"end":{"line":67,"column":23}},"38":{"start":{"line":68,"column":2},"end":{"line":68,"column":24}},"39":{"start":{"line":70,"column":2},"end":{"line":70,"column":30}},"40":{"start":{"line":72,"column":2},"end":{"line":72,"column":25}},"41":{"start":{"line":76,"column":2},"end":{"line":76,"column":35}},"42":{"start":{"line":78,"column":2},"end":{"line":81,"column":3}},"43":{"start":{"line":79,"column":3},"end":{"line":79,"column":32}},"44":{"start":{"line":80,"column":3},"end":{"line":80,"column":34}},"45":{"start":{"line":82,"column":2},"end":{"line":82,"column":10}},"46":{"start":{"line":85,"column":0},"end":{"line":85,"column":22}}},"branchMap":{"1":{"line":25,"type":"if","locations":[{"start":{"line":25,"column":2},"end":{"line":25,"column":2}},{"start":{"line":25,"column":2},"end":{"line":25,"column":2}}]},"2":{"line":25,"type":"binary-expr","locations":[{"start":{"line":25,"column":7},"end":{"line":25,"column":21}},{"start":{"line":25,"column":25},"end":{"line":25,"column":40}}]},"3":{"line":28,"type":"if","locations":[{"start":{"line":28,"column":2},"end":{"line":28,"column":2}},{"start":{"line":28,"column":2},"end":{"line":28,"column":2}}]},"4":{"line":31,"type":"if","locations":[{"start":{"line":31,"column":2},"end":{"line":31,"column":2}},{"start":{"line":31,"column":2},"end":{"line":31,"column":2}}]},"5":{"line":31,"type":"binary-expr","locations":[{"start":{"line":31,"column":7},"end":{"line":31,"column":20}},{"start":{"line":31,"column":24},"end":{"line":31,"column":38}}]},"6":{"line":34,"type":"if","locations":[{"start":{"line":34,"column":2},"end":{"line":34,"column":2}},{"start":{"line":34,"column":2},"end":{"line":34,"column":2}}]},"7":{"line":37,"type":"if","locations":[{"start":{"line":37,"column":2},"end":{"line":37,"column":2}},{"start":{"line":37,"column":2},"end":{"line":37,"column":2}}]},"8":{"line":40,"type":"if","locations":[{"start":{"line":40,"column":2},"end":{"line":40,"column":2}},{"start":{"line":40,"column":2},"end":{"line":40,"column":2}}]},"9":{"line":78,"type":"if","locations":[{"start":{"line":78,"column":2},"end":{"line":78,"column":2}},{"start":{"line":78,"column":2},"end":{"line":78,"column":2}}]}}},"C:\\Users\\yua19\\Desktop\\NodeProject\\myblog\\models\\users.js":{"path":"C:\\Users\\yua19\\Desktop\\NodeProject\\myblog\\models\\users.js","s":{"1":1,"2":1,"3":2,"4":0},"b":{},"f":{"1":2,"2":0},"fnMap":{"1":{"name":"create","line":4,"loc":{"start":{"line":4,"column":8},"end":{"line":4,"column":29}}},"2":{"name":"getUserByName","line":10,"loc":{"start":{"line":10,"column":15},"end":{"line":10,"column":43}}}},"statementMap":{"1":{"start":{"line":1,"column":0},"end":{"line":1,"column":38}},"2":{"start":{"line":3,"column":0},"end":{"line":16,"column":2}},"3":{"start":{"line":5,"column":2},"end":{"line":5,"column":34}},"4":{"start":{"line":11,"column":2},"end":{"line":14,"column":11}}},"branchMap":{}},"C:\\Users\\yua19\\Desktop\\NodeProject\\myblog\\lib\\mongo.js":{"path":"C:\\Users\\yua19\\Desktop\\NodeProject\\myblog\\lib\\mongo.js","s":{"1":1,"2":1,"3":1,"4":1,"5":1,"6":1,"7":1,"8":1,"9":1,"10":2,"11":1,"12":0,"13":0,"14":0,"15":1,"16":1,"17":1,"18":1,"19":1,"20":1},"b":{"1":[0,0]},"f":{"1":1,"2":2,"3":0},"fnMap":{"1":{"name":"(anonymous_1)","line":17,"loc":{"start":{"line":17,"column":11},"end":{"line":17,"column":28}}},"2":{"name":"(anonymous_2)","line":18,"loc":{"start":{"line":18,"column":18},"end":{"line":18,"column":32}}},"3":{"name":"(anonymous_3)","line":23,"loc":{"start":{"line":23,"column":14},"end":{"line":23,"column":30}}}},"statementMap":{"1":{"start":{"line":1,"column":0},"end":{"line":1,"column":45}},"2":{"start":{"line":2,"column":0},"end":{"line":2,"column":35}},"3":{"start":{"line":3,"column":0},"end":{"line":3,"column":31}},"4":{"start":{"line":4,"column":0},"end":{"line":4,"column":29}},"5":{"start":{"line":5,"column":0},"end":{"line":5,"column":57}},"6":{"start":{"line":6,"column":0},"end":{"line":6,"column":34}},"7":{"start":{"line":8,"column":0},"end":{"line":14,"column":3}},"8":{"start":{"line":16,"column":0},"end":{"line":29,"column":3}},"9":{"start":{"line":18,"column":2},"end":{"line":20,"column":5}},"10":{"start":{"line":19,"column":3},"end":{"line":19,"column":84}},"11":{"start":{"line":21,"column":2},"end":{"line":21,"column":17}},"12":{"start":{"line":24,"column":2},"end":{"line":26,"column":3}},"13":{"start":{"line":25,"column":3},"end":{"line":25,"column":88}},"14":{"start":{"line":27,"column":2},"end":{"line":27,"column":16}},"15":{"start":{"line":31,"column":0},"end":{"line":36,"column":3}},"16":{"start":{"line":38,"column":0},"end":{"line":42,"column":3}},"17":{"start":{"line":45,"column":0},"end":{"line":45,"column":45}},"18":{"start":{"line":46,"column":0},"end":{"line":46,"column":50}},"19":{"start":{"line":47,"column":0},"end":{"line":47,"column":47}},"20":{"start":{"line":48,"column":0},"end":{"line":48,"column":47}}},"branchMap":{"1":{"line":24,"type":"if","locations":[{"start":{"line":24,"column":2},"end":{"line":24,"column":2}},{"start":{"line":24,"column":2},"end":{"line":24,"column":2}}]}}},"C:\\Users\\yua19\\Desktop\\NodeProject\\myblog\\middlewares\\check.js":{"path":"C:\\Users\\yua19\\Desktop\\NodeProject\\myblog\\middlewares\\check.js","s":{"1":1,"2":0,"3":0,"4":0,"5":0,"6":7,"7":0,"8":0,"9":7},"b":{"1":[0,0],"2":[0,7]},"f":{"1":0,"2":7},"fnMap":{"1":{"name":"checkLogin","line":2,"loc":{"start":{"line":2,"column":12},"end":{"line":2,"column":45}}},"2":{"name":"checkNotLogin","line":10,"loc":{"start":{"line":10,"column":15},"end":{"line":10,"column":51}}}},"statementMap":{"1":{"start":{"line":1,"column":0},"end":{"line":17,"column":2}},"2":{"start":{"line":3,"column":2},"end":{"line":6,"column":3}},"3":{"start":{"line":4,"column":3},"end":{"line":4,"column":36}},"4":{"start":{"line":5,"column":3},"end":{"line":5,"column":34}},"5":{"start":{"line":7,"column":2},"end":{"line":7,"column":9}},"6":{"start":{"line":11,"column":2},"end":{"line":14,"column":3}},"7":{"start":{"line":12,"column":3},"end":{"line":12,"column":34}},"8":{"start":{"line":13,"column":3},"end":{"line":13,"column":31}},"9":{"start":{"line":15,"column":2},"end":{"line":15,"column":9}}},"branchMap":{"1":{"line":3,"type":"if","locations":[{"start":{"line":3,"column":2},"end":{"line":3,"column":2}},{"start":{"line":3,"column":2},"end":{"line":3,"column":2}}]},"2":{"line":11,"type":"if","locations":[{"start":{"line":11,"column":2},"end":{"line":11,"column":2}},{"start":{"line":11,"column":2},"end":{"line":11,"column":2}}]}}},"C:\\Users\\yua19\\Desktop\\NodeProject\\myblog\\routes\\signin.js":{"path":"C:\\Users\\yua19\\Desktop\\NodeProject\\myblog\\routes\\signin.js","s":{"1":1,"2":1,"3":1,"4":1,"5":1,"6":1,"7":0,"8":1,"9":0,"10":0,"11":0,"12":0,"13":0,"14":0,"15":0,"16":0,"17":0,"18":0,"19":0,"20":0,"21":0,"22":1},"b":{"1":[0,0],"2":[0,0]},"f":{"1":0,"2":0,"3":0},"fnMap":{"1":{"name":"(anonymous_1)","line":8,"loc":{"start":{"line":8,"column":31},"end":{"line":8,"column":56}}},"2":{"name":"(anonymous_2)","line":13,"loc":{"start":{"line":13,"column":32},"end":{"line":13,"column":57}}},"3":{"name":"(anonymous_3)","line":18,"loc":{"start":{"line":18,"column":7},"end":{"line":18,"column":21}}}},"statementMap":{"1":{"start":{"line":1,"column":0},"end":{"line":1,"column":31}},"2":{"start":{"line":2,"column":0},"end":{"line":2,"column":28}},"3":{"start":{"line":3,"column":0},"end":{"line":3,"column":25}},"4":{"start":{"line":4,"column":0},"end":{"line":4,"column":41}},"5":{"start":{"line":5,"column":0},"end":{"line":5,"column":66}},"6":{"start":{"line":8,"column":0},"end":{"line":10,"column":3}},"7":{"start":{"line":9,"column":2},"end":{"line":9,"column":23}},"8":{"start":{"line":13,"column":0},"end":{"line":35,"column":3}},"9":{"start":{"line":14,"column":2},"end":{"line":14,"column":27}},"10":{"start":{"line":15,"column":2},"end":{"line":15,"column":35}},"11":{"start":{"line":17,"column":2},"end":{"line":34,"column":14}},"12":{"start":{"line":19,"column":2},"end":{"line":22,"column":3}},"13":{"start":{"line":20,"column":3},"end":{"line":20,"column":31}},"14":{"start":{"line":21,"column":3},"end":{"line":21,"column":31}},"15":{"start":{"line":24,"column":2},"end":{"line":27,"column":3}},"16":{"start":{"line":25,"column":3},"end":{"line":25,"column":33}},"17":{"start":{"line":26,"column":3},"end":{"line":26,"column":31}},"18":{"start":{"line":28,"column":2},"end":{"line":28,"column":30}},"19":{"start":{"line":30,"column":2},"end":{"line":30,"column":23}},"20":{"start":{"line":31,"column":2},"end":{"line":31,"column":24}},"21":{"start":{"line":32,"column":2},"end":{"line":32,"column":25}},"22":{"start":{"line":37,"column":0},"end":{"line":37,"column":24}}},"branchMap":{"1":{"line":19,"type":"if","locations":[{"start":{"line":19,"column":2},"end":{"line":19,"column":2}},{"start":{"line":19,"column":2},"end":{"line":19,"column":2}}]},"2":{"line":24,"type":"if","locations":[{"start":{"line":24,"column":2},"end":{"line":24,"column":2}},{"start":{"line":24,"column":2},"end":{"line":24,"column":2}}]}}},"C:\\Users\\yua19\\Desktop\\NodeProject\\myblog\\routes\\signout.js":{"path":"C:\\Users\\yua19\\Desktop\\NodeProject\\myblog\\routes\\signout.js","s":{"1":1,"2":1,"3":1,"4":1,"5":0,"6":0,"7":0,"8":1,"9":0,"10":1},"b":{},"f":{"1":0,"2":0},"fnMap":{"1":{"name":"(anonymous_1)","line":7,"loc":{"start":{"line":7,"column":26},"end":{"line":7,"column":48}}},"2":{"name":"(anonymous_2)","line":14,"loc":{"start":{"line":14,"column":27},"end":{"line":14,"column":49}}}},"statementMap":{"1":{"start":{"line":1,"column":0},"end":{"line":1,"column":31}},"2":{"start":{"line":2,"column":0},"end":{"line":2,"column":28}},"3":{"start":{"line":4,"column":0},"end":{"line":4,"column":58}},"4":{"start":{"line":7,"column":0},"end":{"line":11,"column":3}},"5":{"start":{"line":8,"column":1},"end":{"line":8,"column":23}},"6":{"start":{"line":9,"column":1},"end":{"line":9,"column":29}},"7":{"start":{"line":10,"column":1},"end":{"line":10,"column":24}},"8":{"start":{"line":14,"column":0},"end":{"line":16,"column":3}},"9":{"start":{"line":15,"column":1},"end":{"line":15,"column":23}},"10":{"start":{"line":18,"column":0},"end":{"line":18,"column":22}}},"branchMap":{}},"C:\\Users\\yua19\\Desktop\\NodeProject\\myblog\\routes\\posts.js":{"path":"C:\\Users\\yua19\\Desktop\\NodeProject\\myblog\\routes\\posts.js","s":{"1":1,"2":1,"3":1,"4":1,"5":1,"6":1,"7":1,"8":1,"9":1,"10":1,"11":0,"12":0,"13":0,"14":0,"15":0,"16":0,"17":0,"18":0,"19":0,"20":0,"21":0,"22":0,"23":0,"24":0,"25":0,"26":1,"27":0,"28":1,"29":0,"30":0,"31":0,"32":0,"33":0,"34":0,"35":0,"36":1,"37":0,"38":0,"39":0,"40":0,"41":0,"42":0,"43":0,"44":0,"45":1,"46":0,"47":0,"48":0,"49":0,"50":0,"51":0,"52":0,"53":1,"54":0,"55":0,"56":0,"57":0,"58":0,"59":1,"60":0,"61":0,"62":0,"63":0,"64":0,"65":0,"66":0,"67":1,"68":0,"69":0,"70":0,"71":0,"72":0,"73":1},"b":{"1":[0,0],"2":[0,0],"3":[0,0],"4":[0,0],"5":[0,0]},"f":{"1":1,"2":1,"3":0,"4":0,"5":0,"6":0,"7":0,"8":0,"9":0,"10":0,"11":0,"12":0,"13":0,"14":0,"15":0,"16":0,"17":0},"fnMap":{"1":{"name":"(anonymous_1)","line":8,"loc":{"start":{"line":8,"column":15},"end":{"line":8,"column":37}}},"2":{"name":"(anonymous_2)","line":12,"loc":{"start":{"line":12,"column":8},"end":{"line":12,"column":23}}},"3":{"name":"(anonymous_3)","line":21,"loc":{"start":{"line":21,"column":27},"end":{"line":21,"column":49}}},"4":{"name":"(anonymous_4)","line":46,"loc":{"start":{"line":46,"column":8},"end":{"line":46,"column":24}}},"5":{"name":"(anonymous_5)","line":55,"loc":{"start":{"line":55,"column":32},"end":{"line":55,"column":54}}},"6":{"name":"(anonymous_6)","line":60,"loc":{"start":{"line":60,"column":22},"end":{"line":60,"column":44}}},"7":{"name":"(anonymous_7)","line":68,"loc":{"start":{"line":68,"column":7},"end":{"line":68,"column":23}}},"8":{"name":"(anonymous_8)","line":83,"loc":{"start":{"line":83,"column":38},"end":{"line":83,"column":60}}},"9":{"name":"(anonymous_9)","line":88,"loc":{"start":{"line":88,"column":8},"end":{"line":88,"column":22}}},"10":{"name":"(anonymous_10)","line":103,"loc":{"start":{"line":103,"column":39},"end":{"line":103,"column":61}}},"11":{"name":"(anonymous_11)","line":110,"loc":{"start":{"line":110,"column":8},"end":{"line":110,"column":18}}},"12":{"name":"(anonymous_12)","line":118,"loc":{"start":{"line":118,"column":40},"end":{"line":118,"column":62}}},"13":{"name":"(anonymous_13)","line":123,"loc":{"start":{"line":123,"column":8},"end":{"line":123,"column":18}}},"14":{"name":"(anonymous_14)","line":131,"loc":{"start":{"line":131,"column":42},"end":{"line":131,"column":64}}},"15":{"name":"(anonymous_15)","line":142,"loc":{"start":{"line":142,"column":8},"end":{"line":142,"column":18}}},"16":{"name":"(anonymous_16)","line":150,"loc":{"start":{"line":150,"column":59},"end":{"line":150,"column":81}}},"17":{"name":"(anonymous_17)","line":155,"loc":{"start":{"line":155,"column":8},"end":{"line":155,"column":18}}}},"statementMap":{"1":{"start":{"line":1,"column":0},"end":{"line":1,"column":31}},"2":{"start":{"line":2,"column":0},"end":{"line":2,"column":28}},"3":{"start":{"line":3,"column":0},"end":{"line":3,"column":41}},"4":{"start":{"line":4,"column":0},"end":{"line":4,"column":58}},"5":{"start":{"line":5,"column":0},"end":{"line":5,"column":47}},"6":{"start":{"line":8,"column":0},"end":{"line":18,"column":3}},"7":{"start":{"line":9,"column":1},"end":{"line":9,"column":29}},"8":{"start":{"line":11,"column":1},"end":{"line":17,"column":15}},"9":{"start":{"line":13,"column":3},"end":{"line":15,"column":6}},"10":{"start":{"line":21,"column":0},"end":{"line":52,"column":3}},"11":{"start":{"line":22,"column":1},"end":{"line":22,"column":33}},"12":{"start":{"line":23,"column":1},"end":{"line":23,"column":28}},"13":{"start":{"line":24,"column":1},"end":{"line":24,"column":32}},"14":{"start":{"line":26,"column":1},"end":{"line":36,"column":2}},"15":{"start":{"line":27,"column":2},"end":{"line":29,"column":3}},"16":{"start":{"line":28,"column":3},"end":{"line":28,"column":28}},"17":{"start":{"line":30,"column":2},"end":{"line":32,"column":3}},"18":{"start":{"line":31,"column":3},"end":{"line":31,"column":28}},"19":{"start":{"line":34,"column":2},"end":{"line":34,"column":31}},"20":{"start":{"line":35,"column":2},"end":{"line":35,"column":30}},"21":{"start":{"line":38,"column":1},"end":{"line":43,"column":3}},"22":{"start":{"line":45,"column":1},"end":{"line":51,"column":17}},"23":{"start":{"line":48,"column":3},"end":{"line":48,"column":22}},"24":{"start":{"line":49,"column":3},"end":{"line":49,"column":31}},"25":{"start":{"line":50,"column":3},"end":{"line":50,"column":38}},"26":{"start":{"line":55,"column":0},"end":{"line":57,"column":3}},"27":{"start":{"line":56,"column":1},"end":{"line":56,"column":22}},"28":{"start":{"line":60,"column":0},"end":{"line":80,"column":3}},"29":{"start":{"line":61,"column":1},"end":{"line":61,"column":30}},"30":{"start":{"line":63,"column":1},"end":{"line":79,"column":14}},"31":{"start":{"line":69,"column":2},"end":{"line":69,"column":21}},"32":{"start":{"line":70,"column":2},"end":{"line":70,"column":25}},"33":{"start":{"line":71,"column":2},"end":{"line":73,"column":3}},"34":{"start":{"line":72,"column":3},"end":{"line":72,"column":28}},"35":{"start":{"line":74,"column":2},"end":{"line":77,"column":5}},"36":{"start":{"line":83,"column":0},"end":{"line":100,"column":3}},"37":{"start":{"line":84,"column":1},"end":{"line":84,"column":30}},"38":{"start":{"line":85,"column":1},"end":{"line":85,"column":33}},"39":{"start":{"line":87,"column":1},"end":{"line":99,"column":15}},"40":{"start":{"line":89,"column":3},"end":{"line":91,"column":4}},"41":{"start":{"line":90,"column":4},"end":{"line":90,"column":29}},"42":{"start":{"line":92,"column":3},"end":{"line":94,"column":4}},"43":{"start":{"line":93,"column":4},"end":{"line":93,"column":28}},"44":{"start":{"line":95,"column":3},"end":{"line":97,"column":6}},"45":{"start":{"line":103,"column":0},"end":{"line":115,"column":3}},"46":{"start":{"line":104,"column":1},"end":{"line":104,"column":30}},"47":{"start":{"line":105,"column":1},"end":{"line":105,"column":33}},"48":{"start":{"line":106,"column":1},"end":{"line":106,"column":28}},"49":{"start":{"line":107,"column":1},"end":{"line":107,"column":32}},"50":{"start":{"line":109,"column":1},"end":{"line":114,"column":15}},"51":{"start":{"line":111,"column":3},"end":{"line":111,"column":33}},"52":{"start":{"line":112,"column":3},"end":{"line":112,"column":26}},"53":{"start":{"line":118,"column":0},"end":{"line":128,"column":3}},"54":{"start":{"line":119,"column":1},"end":{"line":119,"column":30}},"55":{"start":{"line":120,"column":1},"end":{"line":120,"column":33}},"56":{"start":{"line":122,"column":1},"end":{"line":127,"column":15}},"57":{"start":{"line":124,"column":3},"end":{"line":124,"column":33}},"58":{"start":{"line":125,"column":3},"end":{"line":125,"column":26}},"59":{"start":{"line":131,"column":0},"end":{"line":147,"column":3}},"60":{"start":{"line":132,"column":1},"end":{"line":132,"column":30}},"61":{"start":{"line":133,"column":1},"end":{"line":133,"column":33}},"62":{"start":{"line":134,"column":1},"end":{"line":134,"column":32}},"63":{"start":{"line":135,"column":1},"end":{"line":139,"column":3}},"64":{"start":{"line":141,"column":1},"end":{"line":146,"column":15}},"65":{"start":{"line":143,"column":3},"end":{"line":143,"column":33}},"66":{"start":{"line":144,"column":3},"end":{"line":144,"column":26}},"67":{"start":{"line":150,"column":0},"end":{"line":161,"column":3}},"68":{"start":{"line":151,"column":1},"end":{"line":151,"column":36}},"69":{"start":{"line":152,"column":1},"end":{"line":152,"column":33}},"70":{"start":{"line":154,"column":1},"end":{"line":159,"column":15}},"71":{"start":{"line":156,"column":3},"end":{"line":156,"column":33}},"72":{"start":{"line":157,"column":3},"end":{"line":157,"column":24}},"73":{"start":{"line":164,"column":0},"end":{"line":164,"column":22}}},"branchMap":{"1":{"line":27,"type":"if","locations":[{"start":{"line":27,"column":2},"end":{"line":27,"column":2}},{"start":{"line":27,"column":2},"end":{"line":27,"column":2}}]},"2":{"line":30,"type":"if","locations":[{"start":{"line":30,"column":2},"end":{"line":30,"column":2}},{"start":{"line":30,"column":2},"end":{"line":30,"column":2}}]},"3":{"line":71,"type":"if","locations":[{"start":{"line":71,"column":2},"end":{"line":71,"column":2}},{"start":{"line":71,"column":2},"end":{"line":71,"column":2}}]},"4":{"line":89,"type":"if","locations":[{"start":{"line":89,"column":3},"end":{"line":89,"column":3}},{"start":{"line":89,"column":3},"end":{"line":89,"column":3}}]},"5":{"line":92,"type":"if","locations":[{"start":{"line":92,"column":3},"end":{"line":92,"column":3}},{"start":{"line":92,"column":3},"end":{"line":92,"column":3}}]}}},"C:\\Users\\yua19\\Desktop\\NodeProject\\myblog\\models\\posts.js":{"path":"C:\\Users\\yua19\\Desktop\\NodeProject\\myblog\\models\\posts.js","s":{"1":1,"2":1,"3":1,"4":1,"5":1,"6":2,"7":2,"8":2,"9":0,"10":0,"11":0,"12":0,"13":0,"14":1,"15":1,"16":2,"17":2,"18":0,"19":0,"20":0,"21":1,"22":0,"23":0,"24":1,"25":1,"26":0,"27":1,"28":0,"29":0,"30":0,"31":0,"32":0,"33":0},"b":{"1":[0,0],"2":[0,0],"3":[0,1],"4":[0,0],"5":[0,0]},"f":{"1":1,"2":2,"3":2,"4":0,"5":0,"6":1,"7":2,"8":0,"9":0,"10":0,"11":1,"12":0,"13":0,"14":0,"15":0,"16":0},"fnMap":{"1":{"name":"(anonymous_1)","line":6,"loc":{"start":{"line":6,"column":11},"end":{"line":6,"column":26}}},"2":{"name":"(anonymous_2)","line":7,"loc":{"start":{"line":7,"column":31},"end":{"line":7,"column":45}}},"3":{"name":"(anonymous_3)","line":8,"loc":{"start":{"line":8,"column":55},"end":{"line":8,"column":78}}},"4":{"name":"(anonymous_4)","line":15,"loc":{"start":{"line":15,"column":14},"end":{"line":15,"column":28}}},"5":{"name":"(anonymous_5)","line":17,"loc":{"start":{"line":17,"column":55},"end":{"line":17,"column":70}}},"6":{"name":"(anonymous_6)","line":26,"loc":{"start":{"line":26,"column":11},"end":{"line":26,"column":26}}},"7":{"name":"(anonymous_7)","line":27,"loc":{"start":{"line":27,"column":19},"end":{"line":27,"column":33}}},"8":{"name":"(anonymous_8)","line":32,"loc":{"start":{"line":32,"column":14},"end":{"line":32,"column":28}}},"9":{"name":"create","line":41,"loc":{"start":{"line":41,"column":8},"end":{"line":41,"column":29}}},"10":{"name":"getPostById","line":45,"loc":{"start":{"line":45,"column":13},"end":{"line":45,"column":41}}},"11":{"name":"getPosts","line":56,"loc":{"start":{"line":56,"column":10},"end":{"line":56,"column":35}}},"12":{"name":"incPv","line":72,"loc":{"start":{"line":72,"column":7},"end":{"line":72,"column":29}}},"13":{"name":"getRawPostById","line":78,"loc":{"start":{"line":78,"column":17},"end":{"line":78,"column":48}}},"14":{"name":"updatePostById","line":85,"loc":{"start":{"line":85,"column":17},"end":{"line":85,"column":60}}},"15":{"name":"delPostById","line":89,"loc":{"start":{"line":89,"column":14},"end":{"line":89,"column":49}}},"16":{"name":"(anonymous_16)","line":92,"loc":{"start":{"line":92,"column":9},"end":{"line":92,"column":22}}}},"statementMap":{"1":{"start":{"line":1,"column":0},"end":{"line":1,"column":38}},"2":{"start":{"line":2,"column":0},"end":{"line":2,"column":29}},"3":{"start":{"line":3,"column":0},"end":{"line":3,"column":39}},"4":{"start":{"line":5,"column":0},"end":{"line":24,"column":3}},"5":{"start":{"line":7,"column":2},"end":{"line":12,"column":6}},"6":{"start":{"line":8,"column":3},"end":{"line":11,"column":6}},"7":{"start":{"line":9,"column":4},"end":{"line":9,"column":37}},"8":{"start":{"line":10,"column":4},"end":{"line":10,"column":16}},"9":{"start":{"line":16,"column":2},"end":{"line":21,"column":3}},"10":{"start":{"line":17,"column":3},"end":{"line":20,"column":6}},"11":{"start":{"line":18,"column":4},"end":{"line":18,"column":28}},"12":{"start":{"line":19,"column":4},"end":{"line":19,"column":16}},"13":{"start":{"line":22,"column":2},"end":{"line":22,"column":14}},"14":{"start":{"line":25,"column":0},"end":{"line":38,"column":3}},"15":{"start":{"line":27,"column":2},"end":{"line":30,"column":5}},"16":{"start":{"line":28,"column":3},"end":{"line":28,"column":37}},"17":{"start":{"line":29,"column":3},"end":{"line":29,"column":15}},"18":{"start":{"line":33,"column":2},"end":{"line":35,"column":3}},"19":{"start":{"line":34,"column":3},"end":{"line":34,"column":37}},"20":{"start":{"line":36,"column":2},"end":{"line":36,"column":14}},"21":{"start":{"line":40,"column":0},"end":{"line":98,"column":2}},"22":{"start":{"line":42,"column":2},"end":{"line":42,"column":34}},"23":{"start":{"line":46,"column":2},"end":{"line":52,"column":11}},"24":{"start":{"line":57,"column":2},"end":{"line":57,"column":15}},"25":{"start":{"line":58,"column":2},"end":{"line":60,"column":3}},"26":{"start":{"line":59,"column":3},"end":{"line":59,"column":23}},"27":{"start":{"line":61,"column":2},"end":{"line":68,"column":11}},"28":{"start":{"line":73,"column":2},"end":{"line":75,"column":11}},"29":{"start":{"line":79,"column":2},"end":{"line":82,"column":11}},"30":{"start":{"line":86,"column":2},"end":{"line":86,"column":68}},"31":{"start":{"line":90,"column":2},"end":{"line":96,"column":6}},"32":{"start":{"line":93,"column":4},"end":{"line":95,"column":5}},"33":{"start":{"line":94,"column":5},"end":{"line":94,"column":52}}},"branchMap":{"1":{"line":16,"type":"if","locations":[{"start":{"line":16,"column":2},"end":{"line":16,"column":2}},{"start":{"line":16,"column":2},"end":{"line":16,"column":2}}]},"2":{"line":33,"type":"if","locations":[{"start":{"line":33,"column":2},"end":{"line":33,"column":2}},{"start":{"line":33,"column":2},"end":{"line":33,"column":2}}]},"3":{"line":58,"type":"if","locations":[{"start":{"line":58,"column":2},"end":{"line":58,"column":2}},{"start":{"line":58,"column":2},"end":{"line":58,"column":2}}]},"4":{"line":93,"type":"if","locations":[{"start":{"line":93,"column":4},"end":{"line":93,"column":4}},{"start":{"line":93,"column":4},"end":{"line":93,"column":4}}]},"5":{"line":93,"type":"binary-expr","locations":[{"start":{"line":93,"column":7},"end":{"line":93,"column":20}},{"start":{"line":93,"column":24},"end":{"line":93,"column":38}}]}}},"C:\\Users\\yua19\\Desktop\\NodeProject\\myblog\\models\\comments.js":{"path":"C:\\Users\\yua19\\Desktop\\NodeProject\\myblog\\models\\comments.js","s":{"1":1,"2":1,"3":1,"4":0,"5":0,"6":0,"7":1,"8":0,"9":0,"10":0,"11":0,"12":2},"b":{},"f":{"1":0,"2":0,"3":0,"4":0,"5":0,"6":0,"7":2},"fnMap":{"1":{"name":"(anonymous_1)","line":5,"loc":{"start":{"line":5,"column":11},"end":{"line":5,"column":29}}},"2":{"name":"(anonymous_2)","line":6,"loc":{"start":{"line":6,"column":22},"end":{"line":6,"column":39}}},"3":{"name":"create","line":15,"loc":{"start":{"line":15,"column":9},"end":{"line":15,"column":33}}},"4":{"name":"delCommentById","line":19,"loc":{"start":{"line":19,"column":16},"end":{"line":19,"column":57}}},"5":{"name":"getCommentsByPostId","line":23,"loc":{"start":{"line":23,"column":22},"end":{"line":23,"column":58}}},"6":{"name":"getComment","line":27,"loc":{"start":{"line":27,"column":13},"end":{"line":27,"column":40}}},"7":{"name":"getCommentsCount","line":37,"loc":{"start":{"line":37,"column":18},"end":{"line":37,"column":51}}}},"statementMap":{"1":{"start":{"line":1,"column":0},"end":{"line":1,"column":44}},"2":{"start":{"line":2,"column":0},"end":{"line":2,"column":29}},"3":{"start":{"line":4,"column":0},"end":{"line":11,"column":3}},"4":{"start":{"line":6,"column":2},"end":{"line":9,"column":5}},"5":{"start":{"line":7,"column":3},"end":{"line":7,"column":43}},"6":{"start":{"line":8,"column":3},"end":{"line":8,"column":18}},"7":{"start":{"line":14,"column":0},"end":{"line":41,"column":2}},"8":{"start":{"line":16,"column":2},"end":{"line":16,"column":40}},"9":{"start":{"line":20,"column":2},"end":{"line":20,"column":62}},"10":{"start":{"line":24,"column":2},"end":{"line":24,"column":48}},"11":{"start":{"line":28,"column":2},"end":{"line":34,"column":11}},"12":{"start":{"line":38,"column":2},"end":{"line":38,"column":47}}},"branchMap":{}}}