TN:
SF:C:\Users\yua19\Desktop\NodeProject\myblog\index.js
FN:54,(anonymous_1)
FN:88,(anonymous_2)
FN:100,(anonymous_3)
FNF:3
FNH:2
FNDA:8,(anonymous_1)
FNDA:7,(anonymous_2)
FNDA:0,(anonymous_3)
DA:1,1
DA:2,1
DA:3,1
DA:4,1
DA:5,1
DA:6,1
DA:7,1
DA:8,1
DA:9,1
DA:10,1
DA:11,1
DA:12,1
DA:14,1
DA:15,1
DA:16,1
DA:18,1
DA:20,1
DA:24,1
DA:25,1
DA:27,1
DA:41,1
DA:42,1
DA:48,1
DA:54,1
DA:55,8
DA:56,8
DA:57,8
DA:58,8
DA:62,1
DA:74,1
DA:76,1
DA:88,1
DA:89,7
DA:96,1
DA:97,1
DA:100,0
DA:101,0
LF:37
LH:35
BRDA:96,1,0,1
BRDA:96,1,1,0
BRF:2
BRH:1
end_of_record
TN:
SF:C:\Users\yua19\Desktop\NodeProject\myblog\config\default.js
FNF:0
FNH:0
DA:1,1
LF:1
LH:1
BRF:0
BRH:0
end_of_record
TN:
SF:C:\Users\yua19\Desktop\NodeProject\myblog\routes\index.js
FN:1,(anonymous_1)
FN:2,(anonymous_2)
FN:9,(anonymous_3)
FNF:3
FNH:2
FNDA:1,(anonymous_1)
FNDA:0,(anonymous_2)
FNDA:7,(anonymous_3)
DA:1,1
DA:2,1
DA:3,0
DA:5,1
DA:6,1
DA:7,1
DA:8,1
DA:9,1
DA:10,7
DA:11,7
LF:10
LH:9
BRDA:10,1,0,7
BRDA:10,1,1,0
BRF:2
BRH:1
end_of_record
TN:
SF:C:\Users\yua19\Desktop\NodeProject\myblog\routes\signup.js
FN:11,(anonymous_1)
FN:16,(anonymous_2)
FN:63,(anonymous_3)
FN:74,(anonymous_4)
FNF:4
FNH:4
FNDA:3,(anonymous_1)
FNDA:4,(anonymous_2)
FNDA:1,(anonymous_3)
FNDA:1,(anonymous_4)
DA:1,1
DA:2,1
DA:3,1
DA:4,1
DA:5,1
DA:7,1
DA:8,1
DA:11,1
DA:12,3
DA:16,1
DA:17,4
DA:18,4
DA:19,4
DA:20,4
DA:21,4
DA:22,4
DA:24,4
DA:25,4
DA:26,1
DA:28,3
DA:29,1
DA:31,2
DA:32,0
DA:34,2
DA:35,0
DA:37,2
DA:38,0
DA:40,2
DA:41,0
DA:45,2
DA:46,2
DA:47,2
DA:51,2
DA:54,2
DA:62,2
DA:65,1
DA:67,1
DA:68,1
DA:70,1
DA:72,1
DA:76,1
DA:78,1
DA:79,1
DA:80,1
DA:82,0
DA:85,1
LF:46
LH:41
BRDA:25,1,0,1
BRDA:25,1,1,3
BRDA:25,2,0,4
BRDA:25,2,1,3
BRDA:28,3,0,1
BRDA:28,3,1,2
BRDA:31,4,0,0
BRDA:31,4,1,2
BRDA:31,5,0,2
BRDA:31,5,1,2
BRDA:34,6,0,0
BRDA:34,6,1,2
BRDA:37,7,0,0
BRDA:37,7,1,2
BRDA:40,8,0,0
BRDA:40,8,1,2
BRDA:78,9,0,1
BRDA:78,9,1,0
BRF:18
BRH:13
end_of_record
TN:
SF:C:\Users\yua19\Desktop\NodeProject\myblog\models\users.js
FN:4,create
FN:10,getUserByName
FNF:2
FNH:1
FNDA:2,create
FNDA:0,getUserByName
DA:1,1
DA:3,1
DA:5,2
DA:11,0
LF:4
LH:3
BRF:0
BRH:0
end_of_record
TN:
SF:C:\Users\yua19\Desktop\NodeProject\myblog\lib\mongo.js
FN:17,(anonymous_1)
FN:18,(anonymous_2)
FN:23,(anonymous_3)
FNF:3
FNH:2
FNDA:1,(anonymous_1)
FNDA:2,(anonymous_2)
FNDA:0,(anonymous_3)
DA:1,1
DA:2,1
DA:3,1
DA:4,1
DA:5,1
DA:6,1
DA:8,1
DA:16,1
DA:18,1
DA:19,2
DA:21,1
DA:24,0
DA:25,0
DA:27,0
DA:31,1
DA:38,1
DA:45,1
DA:46,1
DA:47,1
DA:48,1
LF:20
LH:17
BRDA:24,1,0,0
BRDA:24,1,1,0
BRF:2
BRH:0
end_of_record
TN:
SF:C:\Users\yua19\Desktop\NodeProject\myblog\middlewares\check.js
FN:2,checkLogin
FN:10,checkNotLogin
FNF:2
FNH:1
FNDA:0,checkLogin
FNDA:7,checkNotLogin
DA:1,1
DA:3,0
DA:4,0
DA:5,0
DA:7,0
DA:11,7
DA:12,0
DA:13,0
DA:15,7
LF:9
LH:3
BRDA:3,1,0,0
BRDA:3,1,1,0
BRDA:11,2,0,0
BRDA:11,2,1,7
BRF:4
BRH:1
end_of_record
TN:
SF:C:\Users\yua19\Desktop\NodeProject\myblog\routes\signin.js
FN:8,(anonymous_1)
FN:13,(anonymous_2)
FN:18,(anonymous_3)
FNF:3
FNH:0
FNDA:0,(anonymous_1)
FNDA:0,(anonymous_2)
FNDA:0,(anonymous_3)
DA:1,1
DA:2,1
DA:3,1
DA:4,1
DA:5,1
DA:8,1
DA:9,0
DA:13,1
DA:14,0
DA:15,0
DA:17,0
DA:19,0
DA:20,0
DA:21,0
DA:24,0
DA:25,0
DA:26,0
DA:28,0
DA:30,0
DA:31,0
DA:32,0
DA:37,1
LF:22
LH:8
BRDA:19,1,0,0
BRDA:19,1,1,0
BRDA:24,2,0,0
BRDA:24,2,1,0
BRF:4
BRH:0
end_of_record
TN:
SF:C:\Users\yua19\Desktop\NodeProject\myblog\routes\signout.js
FN:7,(anonymous_1)
FN:14,(anonymous_2)
FNF:2
FNH:0
FNDA:0,(anonymous_1)
FNDA:0,(anonymous_2)
DA:1,1
DA:2,1
DA:4,1
DA:7,1
DA:8,0
DA:9,0
DA:10,0
DA:14,1
DA:15,0
DA:18,1
LF:10
LH:6
BRF:0
BRH:0
end_of_record
TN:
SF:C:\Users\yua19\Desktop\NodeProject\myblog\routes\posts.js
FN:8,(anonymous_1)
FN:12,(anonymous_2)
FN:21,(anonymous_3)
FN:46,(anonymous_4)
FN:55,(anonymous_5)
FN:60,(anonymous_6)
FN:68,(anonymous_7)
FN:83,(anonymous_8)
FN:88,(anonymous_9)
FN:103,(anonymous_10)
FN:110,(anonymous_11)
FN:118,(anonymous_12)
FN:123,(anonymous_13)
FN:131,(anonymous_14)
FN:142,(anonymous_15)
FN:150,(anonymous_16)
FN:155,(anonymous_17)
FNF:17
FNH:2
FNDA:1,(anonymous_1)
FNDA:1,(anonymous_2)
FNDA:0,(anonymous_3)
FNDA:0,(anonymous_4)
FNDA:0,(anonymous_5)
FNDA:0,(anonymous_6)
FNDA:0,(anonymous_7)
FNDA:0,(anonymous_8)
FNDA:0,(anonymous_9)
FNDA:0,(anonymous_10)
FNDA:0,(anonymous_11)
FNDA:0,(anonymous_12)
FNDA:0,(anonymous_13)
FNDA:0,(anonymous_14)
FNDA:0,(anonymous_15)
FNDA:0,(anonymous_16)
FNDA:0,(anonymous_17)
DA:1,1
DA:2,1
DA:3,1
DA:4,1
DA:5,1
DA:8,1
DA:9,1
DA:11,1
DA:13,1
DA:21,1
DA:22,0
DA:23,0
DA:24,0
DA:26,0
DA:27,0
DA:28,0
DA:30,0
DA:31,0
DA:34,0
DA:35,0
DA:38,0
DA:45,0
DA:48,0
DA:49,0
DA:50,0
DA:55,1
DA:56,0
DA:60,1
DA:61,0
DA:63,0
DA:69,0
DA:70,0
DA:71,0
DA:72,0
DA:74,0
DA:83,1
DA:84,0
DA:85,0
DA:87,0
DA:89,0
DA:90,0
DA:92,0
DA:93,0
DA:95,0
DA:103,1
DA:104,0
DA:105,0
DA:106,0
DA:107,0
DA:109,0
DA:111,0
DA:112,0
DA:118,1
DA:119,0
DA:120,0
DA:122,0
DA:124,0
DA:125,0
DA:131,1
DA:132,0
DA:133,0
DA:134,0
DA:135,0
DA:141,0
DA:143,0
DA:144,0
DA:150,1
DA:151,0
DA:152,0
DA:154,0
DA:156,0
DA:157,0
DA:164,1
LF:73
LH:18
BRDA:27,1,0,0
BRDA:27,1,1,0
BRDA:30,2,0,0
BRDA:30,2,1,0
BRDA:71,3,0,0
BRDA:71,3,1,0
BRDA:89,4,0,0
BRDA:89,4,1,0
BRDA:92,5,0,0
BRDA:92,5,1,0
BRF:10
BRH:0
end_of_record
TN:
SF:C:\Users\yua19\Desktop\NodeProject\myblog\models\posts.js
FN:6,(anonymous_1)
FN:7,(anonymous_2)
FN:8,(anonymous_3)
FN:15,(anonymous_4)
FN:17,(anonymous_5)
FN:26,(anonymous_6)
FN:27,(anonymous_7)
FN:32,(anonymous_8)
FN:41,create
FN:45,getPostById
FN:56,getPosts
FN:72,incPv
FN:78,getRawPostById
FN:85,updatePostById
FN:89,delPostById
FN:92,(anonymous_16)
FNF:16
FNH:6
FNDA:1,(anonymous_1)
FNDA:2,(anonymous_2)
FNDA:2,(anonymous_3)
FNDA:0,(anonymous_4)
FNDA:0,(anonymous_5)
FNDA:1,(anonymous_6)
FNDA:2,(anonymous_7)
FNDA:0,(anonymous_8)
FNDA:0,create
FNDA:0,getPostById
FNDA:1,getPosts
FNDA:0,incPv
FNDA:0,getRawPostById
FNDA:0,updatePostById
FNDA:0,delPostById
FNDA:0,(anonymous_16)
DA:1,1
DA:2,1
DA:3,1
DA:5,1
DA:7,1
DA:8,2
DA:9,2
DA:10,2
DA:16,0
DA:17,0
DA:18,0
DA:19,0
DA:22,0
DA:25,1
DA:27,1
DA:28,2
DA:29,2
DA:33,0
DA:34,0
DA:36,0
DA:40,1
DA:42,0
DA:46,0
DA:57,1
DA:58,1
DA:59,0
DA:61,1
DA:73,0
DA:79,0
DA:86,0
DA:90,0
DA:93,0
DA:94,0
LF:33
LH:16
BRDA:16,1,0,0
BRDA:16,1,1,0
BRDA:33,2,0,0
BRDA:33,2,1,0
BRDA:58,3,0,0
BRDA:58,3,1,1
BRDA:93,4,0,0
BRDA:93,4,1,0
BRDA:93,5,0,0
BRDA:93,5,1,0
BRF:10
BRH:1
end_of_record
TN:
SF:C:\Users\yua19\Desktop\NodeProject\myblog\models\comments.js
FN:5,(anonymous_1)
FN:6,(anonymous_2)
FN:15,create
FN:19,delCommentById
FN:23,getCommentsByPostId
FN:27,getComment
FN:37,getCommentsCount
FNF:7
FNH:1
FNDA:0,(anonymous_1)
FNDA:0,(anonymous_2)
FNDA:0,create
FNDA:0,delCommentById
FNDA:0,getCommentsByPostId
FNDA:0,getComment
FNDA:2,getCommentsCount
DA:1,1
DA:2,1
DA:4,1
DA:6,0
DA:7,0
DA:8,0
DA:14,1
DA:16,0
DA:20,0
DA:24,0
DA:28,0
DA:38,2
LF:12
LH:5
BRF:0
BRH:0
end_of_record
